This is pdfTeX, Version 3.141592653-2.6-1.40.24 (TeX Live 2022/Homebrew) (preloaded format=pdflatex 2022.5.27)  11 DEC 2022 17:38
entering extended mode
 restricted \write18 enabled.
 %&-line parsing enabled.
**CS-498_report.tex
(./CS-498_report.tex
LaTeX2e <2021-11-15> patch level 1
L3 programming layer <2022-02-24>
(/usr/local/Cellar/texlive/20220321/share/texmf-dist/tex/latex/base/article.cls
Document Class: article 2021/10/04 v1.4n Standard LaTeX document class
(/usr/local/Cellar/texlive/20220321/share/texmf-dist/tex/latex/base/size10.clo
File: size10.clo 2021/10/04 v1.4n Standard LaTeX file (size option)
)
\c@part=\count185
\c@section=\count186
\c@subsection=\count187
\c@subsubsection=\count188
\c@paragraph=\count189
\c@subparagraph=\count190
\c@figure=\count191
\c@table=\count192
\abovecaptionskip=\skip47
\belowcaptionskip=\skip48
\bibindent=\dimen138
)
(/usr/local/Cellar/texlive/20220321/share/texmf-dist/tex/latex/base/inputenc.st
y
Package: inputenc 2021/02/14 v1.3d Input encoding file
\inpenc@prehook=\toks16
\inpenc@posthook=\toks17
)
(/usr/local/Cellar/texlive/20220321/share/texmf-dist/tex/latex/amsmath/amsmath.
sty
Package: amsmath 2021/10/15 v2.17l AMS math features
\@mathmargin=\skip49

For additional information on amsmath, use the `?' option.

(/usr/local/Cellar/texlive/20220321/share/texmf-dist/tex/latex/amsmath/amstext.
sty
Package: amstext 2021/08/26 v2.01 AMS text

(/usr/local/Cellar/texlive/20220321/share/texmf-dist/tex/latex/amsmath/amsgen.s
ty
File: amsgen.sty 1999/11/30 v2.0 generic functions
\@emptytoks=\toks18
\ex@=\dimen139
))
(/usr/local/Cellar/texlive/20220321/share/texmf-dist/tex/latex/amsmath/amsbsy.s
ty
Package: amsbsy 1999/11/29 v1.2d Bold Symbols
\pmbraise@=\dimen140
)
(/usr/local/Cellar/texlive/20220321/share/texmf-dist/tex/latex/amsmath/amsopn.s
ty
Package: amsopn 2021/08/26 v2.02 operator names
)
\inf@bad=\count193
LaTeX Info: Redefining \frac on input line 234.
\uproot@=\count194
\leftroot@=\count195
LaTeX Info: Redefining \overline on input line 399.
\classnum@=\count196
\DOTSCASE@=\count197
LaTeX Info: Redefining \ldots on input line 496.
LaTeX Info: Redefining \dots on input line 499.
LaTeX Info: Redefining \cdots on input line 620.
\Mathstrutbox@=\box50
\strutbox@=\box51
\big@size=\dimen141
LaTeX Font Info:    Redeclaring font encoding OML on input line 743.
LaTeX Font Info:    Redeclaring font encoding OMS on input line 744.
\macc@depth=\count198
\c@MaxMatrixCols=\count199
\dotsspace@=\muskip16
\c@parentequation=\count266
\dspbrk@lvl=\count267
\tag@help=\toks19
\row@=\count268
\column@=\count269
\maxfields@=\count270
\andhelp@=\toks20
\eqnshift@=\dimen142
\alignsep@=\dimen143
\tagshift@=\dimen144
\tagwidth@=\dimen145
\totwidth@=\dimen146
\lineht@=\dimen147
\@envbody=\toks21
\multlinegap=\skip50
\multlinetaggap=\skip51
\mathdisplay@stack=\toks22
LaTeX Info: Redefining \[ on input line 2938.
LaTeX Info: Redefining \] on input line 2939.
)
(/usr/local/Cellar/texlive/20220321/share/texmf-dist/tex/latex/amscls/amsthm.st
y
Package: amsthm 2020/05/29 v2.20.6
\thm@style=\toks23
\thm@bodyfont=\toks24
\thm@headfont=\toks25
\thm@notefont=\toks26
\thm@headpunct=\toks27
\thm@preskip=\skip52
\thm@postskip=\skip53
\thm@headsep=\skip54
\dth@everypar=\toks28
)
(/usr/local/Cellar/texlive/20220321/share/texmf-dist/tex/latex/amsfonts/amsfont
s.sty
Package: amsfonts 2013/01/14 v3.01 Basic AMSFonts support
\symAMSa=\mathgroup4
\symAMSb=\mathgroup5
LaTeX Font Info:    Redeclaring math symbol \hbar on input line 98.
LaTeX Font Info:    Overwriting math alphabet `\mathfrak' in version `bold'
(Font)                  U/euf/m/n --> U/euf/b/n on input line 106.
)
(/usr/local/Cellar/texlive/20220321/share/texmf-dist/tex/latex/enumitem/enumite
m.sty
Package: enumitem 2019/06/20 v3.9 Customized lists
\enitkv@toks@=\toks29
\labelindent=\skip55
\enit@outerparindent=\dimen148
\enit@toks=\toks30
\enit@inbox=\box52
\enit@count@id=\count271
\enitdp@description=\count272
)
(/usr/local/Cellar/texlive/20220321/share/texmf-dist/tex/latex/changepage/chang
epage.sty
Package: changepage 2009/10/20 v1.0c check page and change page layout
\c@cp@cntr=\count273
\cp@tempcnt=\count274
)
(/usr/local/Cellar/texlive/20220321/share/texmf-dist/tex/latex/complexity/compl
exity.sty
Package: complexity 09/16/17  v0.81a

(/usr/local/Cellar/texlive/20220321/share/texmf-dist/tex/latex/base/ifthen.sty
Package: ifthen 2020/11/24 v1.1c Standard LaTeX ifthen package (DPC)
)
(/usr/local/Cellar/texlive/20220321/share/texmf-dist/tex/latex/complexity/mycom
plexity.sty))
(/usr/local/Cellar/texlive/20220321/share/texmf-dist/tex/latex/url/url.sty
\Urlmuskip=\muskip17
Package: url 2013/09/16  ver 3.4  Verb mode for urls, etc.
)
(/usr/local/Cellar/texlive/20220321/share/texmf-dist/tex/latex/titlesec/titlese
c.sty
Package: titlesec 2021/07/05 v2.14 Sectioning titles
\ttl@box=\box53
\beforetitleunit=\skip56
\aftertitleunit=\skip57
\ttl@plus=\dimen149
\ttl@minus=\dimen150
\ttl@toksa=\toks31
\titlewidth=\dimen151
\titlewidthlast=\dimen152
\titlewidthfirst=\dimen153
)
(/usr/local/Cellar/texlive/20220321/share/texmf-dist/tex/latex/titling/titling.
sty
Package: titling 2009/09/04 v2.1d maketitle typesetting
\thanksmarkwidth=\skip58
\thanksmargin=\skip59
\droptitle=\skip60
)
(/usr/local/Cellar/texlive/20220321/share/texmf-dist/tex/latex/mathtools/mathto
ols.sty
Package: mathtools 2022/02/07 v1.28a mathematical typesetting tools

(/usr/local/Cellar/texlive/20220321/share/texmf-dist/tex/latex/graphics/keyval.
sty
Package: keyval 2014/10/28 v1.15 key=value parser (DPC)
\KV@toks@=\toks32
)
(/usr/local/Cellar/texlive/20220321/share/texmf-dist/tex/latex/tools/calc.sty
Package: calc 2017/05/25 v4.3 Infix arithmetic (KKT,FJ)
\calc@Acount=\count275
\calc@Bcount=\count276
\calc@Adimen=\dimen154
\calc@Bdimen=\dimen155
\calc@Askip=\skip61
\calc@Bskip=\skip62
LaTeX Info: Redefining \setlength on input line 80.
LaTeX Info: Redefining \addtolength on input line 81.
\calc@Ccount=\count277
\calc@Cskip=\skip63
)
(/usr/local/Cellar/texlive/20220321/share/texmf-dist/tex/latex/mathtools/mhsetu
p.sty
Package: mhsetup 2021/03/18 v1.4 programming setup (MH)
)
\g_MT_multlinerow_int=\count278
\l_MT_multwidth_dim=\dimen156
\origjot=\skip64
\l_MT_shortvdotswithinadjustabove_dim=\dimen157
\l_MT_shortvdotswithinadjustbelow_dim=\dimen158
\l_MT_above_intertext_sep=\dimen159
\l_MT_below_intertext_sep=\dimen160
\l_MT_above_shortintertext_sep=\dimen161
\l_MT_below_shortintertext_sep=\dimen162
\xmathstrut@box=\box54
\xmathstrut@dim=\dimen163
)
(/usr/local/Cellar/texlive/20220321/share/texmf-dist/tex/latex/l3packages/xpars
e/xparse.sty
(/usr/local/Cellar/texlive/20220321/share/texmf-dist/tex/latex/l3kernel/expl3.s
ty
Package: expl3 2022-02-24 L3 programming layer (loader) 

(/usr/local/Cellar/texlive/20220321/share/texmf-dist/tex/latex/l3backend/l3back
end-pdftex.def
File: l3backend-pdftex.def 2022-02-07 L3 backend support: PDF output (pdfTeX)
\l__color_backend_stack_int=\count279
\l__pdf_internal_box=\box55
))
Package: xparse 2022-01-12 L3 Experimental document command parser
)
(/usr/local/Cellar/texlive/20220321/share/texmf-dist/tex/latex/algorithm2e/algo
rithm2e.sty
Package: algorithm2e 2017/07/18 v5.2 algorithms environments
\c@AlgoLine=\count280
\algocf@hangindent=\skip65

(/usr/local/Cellar/texlive/20220321/share/texmf-dist/tex/latex/ifoddpage/ifoddp
age.sty
Package: ifoddpage 2016/04/23 v1.1 Conditionals for odd/even page detection
\c@checkoddpage=\count281
LaTeX Info: Redefining \checkoddpage on input line 45.
)
(/usr/local/Cellar/texlive/20220321/share/texmf-dist/tex/latex/tools/xspace.sty
Package: xspace 2014/10/28 v1.13 Space after command names (DPC,MH)
)
(/usr/local/Cellar/texlive/20220321/share/texmf-dist/tex/latex/relsize/relsize.
sty
Package: relsize 2013/03/29 ver 4.1
)
\skiptotal=\skip66
\skiplinenumber=\skip67
\skiprule=\skip68
\skiphlne=\skip69
\skiptext=\skip70
\skiplength=\skip71
\algomargin=\skip72
\skipalgocfslide=\skip73
\algowidth=\dimen164
\inoutsize=\dimen165
\inoutindent=\dimen166
\interspacetitleruled=\dimen167
\interspacealgoruled=\dimen168
\interspacetitleboxruled=\dimen169
\algocf@ruledwidth=\skip74
\algocf@inoutbox=\box56
\algocf@inputbox=\box57
\AlCapSkip=\skip75
\AlCapHSkip=\skip76
\algoskipindent=\skip77
\algocf@nlbox=\box58
\algocf@hangingbox=\box59
\algocf@untilbox=\box60
\algocf@skipuntil=\skip78
\algocf@capbox=\box61
\algocf@lcaptionbox=\skip79
\algoheightruledefault=\skip80
\algoheightrule=\skip81
\algotitleheightruledefault=\skip82
\algotitleheightrule=\skip83
\c@algocfline=\count282
\c@algocfproc=\count283
\c@algocf=\count284
\algocf@algoframe=\box62
\algocf@algobox=\box63
)
(/usr/local/Cellar/texlive/20220321/share/texmf-dist/tex/latex/algorithmicx/alg
pseudocode.sty
Package: algpseudocode 

(/usr/local/Cellar/texlive/20220321/share/texmf-dist/tex/latex/algorithmicx/alg
orithmicx.sty
Package: algorithmicx 2005/04/27 v1.2 Algorithmicx

Document Style algorithmicx 1.2 - a greatly improved `algorithmic' style
\c@ALG@line=\count285
\c@ALG@rem=\count286
\c@ALG@nested=\count287
\ALG@tlm=\skip84
\ALG@thistlm=\skip85
\c@ALG@Lnr=\count288
\c@ALG@blocknr=\count289
\c@ALG@storecount=\count290
\c@ALG@tmpcounter=\count291
\ALG@tmplength=\skip86
)
Document Style - pseudocode environments for use with the `algorithmicx' style
)
(/usr/local/Cellar/texlive/20220321/share/texmf-dist/tex/latex/pgf/frontendlaye
r/tikz.sty
(/usr/local/Cellar/texlive/20220321/share/texmf-dist/tex/latex/pgf/basiclayer/p
gf.sty
(/usr/local/Cellar/texlive/20220321/share/texmf-dist/tex/latex/pgf/utilities/pg
frcs.sty
(/usr/local/Cellar/texlive/20220321/share/texmf-dist/tex/generic/pgf/utilities/
pgfutil-common.tex
\pgfutil@everybye=\toks33
\pgfutil@tempdima=\dimen170
\pgfutil@tempdimb=\dimen171

(/usr/local/Cellar/texlive/20220321/share/texmf-dist/tex/generic/pgf/utilities/
pgfutil-common-lists.tex))
(/usr/local/Cellar/texlive/20220321/share/texmf-dist/tex/generic/pgf/utilities/
pgfutil-latex.def
\pgfutil@abb=\box64
)
(/usr/local/Cellar/texlive/20220321/share/texmf-dist/tex/generic/pgf/utilities/
pgfrcs.code.tex
(/usr/local/Cellar/texlive/20220321/share/texmf-dist/tex/generic/pgf/pgf.revisi
on.tex)
Package: pgfrcs 2021/05/15 v3.1.9a (3.1.9a)
))
Package: pgf 2021/05/15 v3.1.9a (3.1.9a)

(/usr/local/Cellar/texlive/20220321/share/texmf-dist/tex/latex/pgf/basiclayer/p
gfcore.sty
(/usr/local/Cellar/texlive/20220321/share/texmf-dist/tex/latex/graphics/graphic
x.sty
Package: graphicx 2021/09/16 v1.2d Enhanced LaTeX Graphics (DPC,SPQR)

(/usr/local/Cellar/texlive/20220321/share/texmf-dist/tex/latex/graphics/graphic
s.sty
Package: graphics 2021/03/04 v1.4d Standard LaTeX Graphics (DPC,SPQR)

(/usr/local/Cellar/texlive/20220321/share/texmf-dist/tex/latex/graphics/trig.st
y
Package: trig 2021/08/11 v1.11 sin cos tan (DPC)
)
(/usr/local/Cellar/texlive/20220321/share/texmf-dist/tex/latex/graphics-cfg/gra
phics.cfg
File: graphics.cfg 2016/06/04 v1.11 sample graphics configuration
)
Package graphics Info: Driver file: pdftex.def on input line 107.

(/usr/local/Cellar/texlive/20220321/share/texmf-dist/tex/latex/graphics-def/pdf
tex.def
File: pdftex.def 2020/10/05 v1.2a Graphics/color driver for pdftex
))
\Gin@req@height=\dimen172
\Gin@req@width=\dimen173
)
(/usr/local/Cellar/texlive/20220321/share/texmf-dist/tex/latex/pgf/systemlayer/
pgfsys.sty
(/usr/local/Cellar/texlive/20220321/share/texmf-dist/tex/generic/pgf/systemlaye
r/pgfsys.code.tex
Package: pgfsys 2021/05/15 v3.1.9a (3.1.9a)

(/usr/local/Cellar/texlive/20220321/share/texmf-dist/tex/generic/pgf/utilities/
pgfkeys.code.tex
\pgfkeys@pathtoks=\toks34
\pgfkeys@temptoks=\toks35

(/usr/local/Cellar/texlive/20220321/share/texmf-dist/tex/generic/pgf/utilities/
pgfkeysfiltered.code.tex
\pgfkeys@tmptoks=\toks36
))
\pgf@x=\dimen174
\pgf@y=\dimen175
\pgf@xa=\dimen176
\pgf@ya=\dimen177
\pgf@xb=\dimen178
\pgf@yb=\dimen179
\pgf@xc=\dimen180
\pgf@yc=\dimen181
\pgf@xd=\dimen182
\pgf@yd=\dimen183
\w@pgf@writea=\write3
\r@pgf@reada=\read2
\c@pgf@counta=\count292
\c@pgf@countb=\count293
\c@pgf@countc=\count294
\c@pgf@countd=\count295
\t@pgf@toka=\toks37
\t@pgf@tokb=\toks38
\t@pgf@tokc=\toks39
\pgf@sys@id@count=\count296

(/usr/local/Cellar/texlive/20220321/share/texmf-dist/tex/generic/pgf/systemlaye
r/pgf.cfg
File: pgf.cfg 2021/05/15 v3.1.9a (3.1.9a)
)
Driver file for pgf: pgfsys-pdftex.def

(/usr/local/Cellar/texlive/20220321/share/texmf-dist/tex/generic/pgf/systemlaye
r/pgfsys-pdftex.def
File: pgfsys-pdftex.def 2021/05/15 v3.1.9a (3.1.9a)

(/usr/local/Cellar/texlive/20220321/share/texmf-dist/tex/generic/pgf/systemlaye
r/pgfsys-common-pdf.def
File: pgfsys-common-pdf.def 2021/05/15 v3.1.9a (3.1.9a)
)))
(/usr/local/Cellar/texlive/20220321/share/texmf-dist/tex/generic/pgf/systemlaye
r/pgfsyssoftpath.code.tex
File: pgfsyssoftpath.code.tex 2021/05/15 v3.1.9a (3.1.9a)
\pgfsyssoftpath@smallbuffer@items=\count297
\pgfsyssoftpath@bigbuffer@items=\count298
)
(/usr/local/Cellar/texlive/20220321/share/texmf-dist/tex/generic/pgf/systemlaye
r/pgfsysprotocol.code.tex
File: pgfsysprotocol.code.tex 2021/05/15 v3.1.9a (3.1.9a)
))
(/usr/local/Cellar/texlive/20220321/share/texmf-dist/tex/latex/xcolor/xcolor.st
y
Package: xcolor 2021/10/31 v2.13 LaTeX color extensions (UK)

(/usr/local/Cellar/texlive/20220321/share/texmf-dist/tex/latex/graphics-cfg/col
or.cfg
File: color.cfg 2016/01/02 v1.6 sample color configuration
)
Package xcolor Info: Driver file: pdftex.def on input line 227.
Package xcolor Info: Model `cmy' substituted by `cmy0' on input line 1352.
Package xcolor Info: Model `hsb' substituted by `rgb' on input line 1356.
Package xcolor Info: Model `RGB' extended on input line 1368.
Package xcolor Info: Model `HTML' substituted by `rgb' on input line 1370.
Package xcolor Info: Model `Hsb' substituted by `hsb' on input line 1371.
Package xcolor Info: Model `tHsb' substituted by `hsb' on input line 1372.
Package xcolor Info: Model `HSB' substituted by `hsb' on input line 1373.
Package xcolor Info: Model `Gray' substituted by `gray' on input line 1374.
Package xcolor Info: Model `wave' substituted by `hsb' on input line 1375.
)
(/usr/local/Cellar/texlive/20220321/share/texmf-dist/tex/generic/pgf/basiclayer
/pgfcore.code.tex
Package: pgfcore 2021/05/15 v3.1.9a (3.1.9a)

(/usr/local/Cellar/texlive/20220321/share/texmf-dist/tex/generic/pgf/math/pgfma
th.code.tex
(/usr/local/Cellar/texlive/20220321/share/texmf-dist/tex/generic/pgf/math/pgfma
thcalc.code.tex
(/usr/local/Cellar/texlive/20220321/share/texmf-dist/tex/generic/pgf/math/pgfma
thutil.code.tex)
(/usr/local/Cellar/texlive/20220321/share/texmf-dist/tex/generic/pgf/math/pgfma
thparser.code.tex
\pgfmath@dimen=\dimen184
\pgfmath@count=\count299
\pgfmath@box=\box65
\pgfmath@toks=\toks40
\pgfmath@stack@operand=\toks41
\pgfmath@stack@operation=\toks42
)
(/usr/local/Cellar/texlive/20220321/share/texmf-dist/tex/generic/pgf/math/pgfma
thfunctions.code.tex
(/usr/local/Cellar/texlive/20220321/share/texmf-dist/tex/generic/pgf/math/pgfma
thfunctions.basic.code.tex)
(/usr/local/Cellar/texlive/20220321/share/texmf-dist/tex/generic/pgf/math/pgfma
thfunctions.trigonometric.code.tex)
(/usr/local/Cellar/texlive/20220321/share/texmf-dist/tex/generic/pgf/math/pgfma
thfunctions.random.code.tex)
(/usr/local/Cellar/texlive/20220321/share/texmf-dist/tex/generic/pgf/math/pgfma
thfunctions.comparison.code.tex)
(/usr/local/Cellar/texlive/20220321/share/texmf-dist/tex/generic/pgf/math/pgfma
thfunctions.base.code.tex)
(/usr/local/Cellar/texlive/20220321/share/texmf-dist/tex/generic/pgf/math/pgfma
thfunctions.round.code.tex)
(/usr/local/Cellar/texlive/20220321/share/texmf-dist/tex/generic/pgf/math/pgfma
thfunctions.misc.code.tex)
(/usr/local/Cellar/texlive/20220321/share/texmf-dist/tex/generic/pgf/math/pgfma
thfunctions.integerarithmetics.code.tex)))
(/usr/local/Cellar/texlive/20220321/share/texmf-dist/tex/generic/pgf/math/pgfma
thfloat.code.tex
\c@pgfmathroundto@lastzeros=\count300
))
(/usr/local/Cellar/texlive/20220321/share/texmf-dist/tex/generic/pgf/math/pgfin
t.code.tex)
(/usr/local/Cellar/texlive/20220321/share/texmf-dist/tex/generic/pgf/basiclayer
/pgfcorepoints.code.tex
File: pgfcorepoints.code.tex 2021/05/15 v3.1.9a (3.1.9a)
\pgf@picminx=\dimen185
\pgf@picmaxx=\dimen186
\pgf@picminy=\dimen187
\pgf@picmaxy=\dimen188
\pgf@pathminx=\dimen189
\pgf@pathmaxx=\dimen190
\pgf@pathminy=\dimen191
\pgf@pathmaxy=\dimen192
\pgf@xx=\dimen193
\pgf@xy=\dimen194
\pgf@yx=\dimen195
\pgf@yy=\dimen196
\pgf@zx=\dimen197
\pgf@zy=\dimen198
)
(/usr/local/Cellar/texlive/20220321/share/texmf-dist/tex/generic/pgf/basiclayer
/pgfcorepathconstruct.code.tex
File: pgfcorepathconstruct.code.tex 2021/05/15 v3.1.9a (3.1.9a)
\pgf@path@lastx=\dimen199
\pgf@path@lasty=\dimen256
)
(/usr/local/Cellar/texlive/20220321/share/texmf-dist/tex/generic/pgf/basiclayer
/pgfcorepathusage.code.tex
File: pgfcorepathusage.code.tex 2021/05/15 v3.1.9a (3.1.9a)
\pgf@shorten@end@additional=\dimen257
\pgf@shorten@start@additional=\dimen258
)
(/usr/local/Cellar/texlive/20220321/share/texmf-dist/tex/generic/pgf/basiclayer
/pgfcorescopes.code.tex
File: pgfcorescopes.code.tex 2021/05/15 v3.1.9a (3.1.9a)
\pgfpic=\box66
\pgf@hbox=\box67
\pgf@layerbox@main=\box68
\pgf@picture@serial@count=\count301
)
(/usr/local/Cellar/texlive/20220321/share/texmf-dist/tex/generic/pgf/basiclayer
/pgfcoregraphicstate.code.tex
File: pgfcoregraphicstate.code.tex 2021/05/15 v3.1.9a (3.1.9a)
\pgflinewidth=\dimen259
)
(/usr/local/Cellar/texlive/20220321/share/texmf-dist/tex/generic/pgf/basiclayer
/pgfcoretransformations.code.tex
File: pgfcoretransformations.code.tex 2021/05/15 v3.1.9a (3.1.9a)
\pgf@pt@x=\dimen260
\pgf@pt@y=\dimen261
\pgf@pt@temp=\dimen262
)
(/usr/local/Cellar/texlive/20220321/share/texmf-dist/tex/generic/pgf/basiclayer
/pgfcorequick.code.tex
File: pgfcorequick.code.tex 2021/05/15 v3.1.9a (3.1.9a)
)
(/usr/local/Cellar/texlive/20220321/share/texmf-dist/tex/generic/pgf/basiclayer
/pgfcoreobjects.code.tex
File: pgfcoreobjects.code.tex 2021/05/15 v3.1.9a (3.1.9a)
)
(/usr/local/Cellar/texlive/20220321/share/texmf-dist/tex/generic/pgf/basiclayer
/pgfcorepathprocessing.code.tex
File: pgfcorepathprocessing.code.tex 2021/05/15 v3.1.9a (3.1.9a)
)
(/usr/local/Cellar/texlive/20220321/share/texmf-dist/tex/generic/pgf/basiclayer
/pgfcorearrows.code.tex
File: pgfcorearrows.code.tex 2021/05/15 v3.1.9a (3.1.9a)
\pgfarrowsep=\dimen263
)
(/usr/local/Cellar/texlive/20220321/share/texmf-dist/tex/generic/pgf/basiclayer
/pgfcoreshade.code.tex
File: pgfcoreshade.code.tex 2021/05/15 v3.1.9a (3.1.9a)
\pgf@max=\dimen264
\pgf@sys@shading@range@num=\count302
\pgf@shadingcount=\count303
)
(/usr/local/Cellar/texlive/20220321/share/texmf-dist/tex/generic/pgf/basiclayer
/pgfcoreimage.code.tex
File: pgfcoreimage.code.tex 2021/05/15 v3.1.9a (3.1.9a)

(/usr/local/Cellar/texlive/20220321/share/texmf-dist/tex/generic/pgf/basiclayer
/pgfcoreexternal.code.tex
File: pgfcoreexternal.code.tex 2021/05/15 v3.1.9a (3.1.9a)
\pgfexternal@startupbox=\box69
))
(/usr/local/Cellar/texlive/20220321/share/texmf-dist/tex/generic/pgf/basiclayer
/pgfcorelayers.code.tex
File: pgfcorelayers.code.tex 2021/05/15 v3.1.9a (3.1.9a)
)
(/usr/local/Cellar/texlive/20220321/share/texmf-dist/tex/generic/pgf/basiclayer
/pgfcoretransparency.code.tex
File: pgfcoretransparency.code.tex 2021/05/15 v3.1.9a (3.1.9a)
)
(/usr/local/Cellar/texlive/20220321/share/texmf-dist/tex/generic/pgf/basiclayer
/pgfcorepatterns.code.tex
File: pgfcorepatterns.code.tex 2021/05/15 v3.1.9a (3.1.9a)
)
(/usr/local/Cellar/texlive/20220321/share/texmf-dist/tex/generic/pgf/basiclayer
/pgfcorerdf.code.tex
File: pgfcorerdf.code.tex 2021/05/15 v3.1.9a (3.1.9a)
)))
(/usr/local/Cellar/texlive/20220321/share/texmf-dist/tex/generic/pgf/modules/pg
fmoduleshapes.code.tex
File: pgfmoduleshapes.code.tex 2021/05/15 v3.1.9a (3.1.9a)
\pgfnodeparttextbox=\box70
)
(/usr/local/Cellar/texlive/20220321/share/texmf-dist/tex/generic/pgf/modules/pg
fmoduleplot.code.tex
File: pgfmoduleplot.code.tex 2021/05/15 v3.1.9a (3.1.9a)
)
(/usr/local/Cellar/texlive/20220321/share/texmf-dist/tex/latex/pgf/compatibilit
y/pgfcomp-version-0-65.sty
Package: pgfcomp-version-0-65 2021/05/15 v3.1.9a (3.1.9a)
\pgf@nodesepstart=\dimen265
\pgf@nodesepend=\dimen266
)
(/usr/local/Cellar/texlive/20220321/share/texmf-dist/tex/latex/pgf/compatibilit
y/pgfcomp-version-1-18.sty
Package: pgfcomp-version-1-18 2021/05/15 v3.1.9a (3.1.9a)
))
(/usr/local/Cellar/texlive/20220321/share/texmf-dist/tex/latex/pgf/utilities/pg
ffor.sty
(/usr/local/Cellar/texlive/20220321/share/texmf-dist/tex/latex/pgf/utilities/pg
fkeys.sty
(/usr/local/Cellar/texlive/20220321/share/texmf-dist/tex/generic/pgf/utilities/
pgfkeys.code.tex))
(/usr/local/Cellar/texlive/20220321/share/texmf-dist/tex/latex/pgf/math/pgfmath
.sty
(/usr/local/Cellar/texlive/20220321/share/texmf-dist/tex/generic/pgf/math/pgfma
th.code.tex))
(/usr/local/Cellar/texlive/20220321/share/texmf-dist/tex/generic/pgf/utilities/
pgffor.code.tex
Package: pgffor 2021/05/15 v3.1.9a (3.1.9a)

(/usr/local/Cellar/texlive/20220321/share/texmf-dist/tex/generic/pgf/math/pgfma
th.code.tex)
\pgffor@iter=\dimen267
\pgffor@skip=\dimen268
\pgffor@stack=\toks43
\pgffor@toks=\toks44
))
(/usr/local/Cellar/texlive/20220321/share/texmf-dist/tex/generic/pgf/frontendla
yer/tikz/tikz.code.tex
Package: tikz 2021/05/15 v3.1.9a (3.1.9a)

(/usr/local/Cellar/texlive/20220321/share/texmf-dist/tex/generic/pgf/libraries/
pgflibraryplothandlers.code.tex
File: pgflibraryplothandlers.code.tex 2021/05/15 v3.1.9a (3.1.9a)
\pgf@plot@mark@count=\count304
\pgfplotmarksize=\dimen269
)
\tikz@lastx=\dimen270
\tikz@lasty=\dimen271
\tikz@lastxsaved=\dimen272
\tikz@lastysaved=\dimen273
\tikz@lastmovetox=\dimen274
\tikz@lastmovetoy=\dimen275
\tikzleveldistance=\dimen276
\tikzsiblingdistance=\dimen277
\tikz@figbox=\box71
\tikz@figbox@bg=\box72
\tikz@tempbox=\box73
\tikz@tempbox@bg=\box74
\tikztreelevel=\count305
\tikznumberofchildren=\count306
\tikznumberofcurrentchild=\count307
\tikz@fig@count=\count308

(/usr/local/Cellar/texlive/20220321/share/texmf-dist/tex/generic/pgf/modules/pg
fmodulematrix.code.tex
File: pgfmodulematrix.code.tex 2021/05/15 v3.1.9a (3.1.9a)
\pgfmatrixcurrentrow=\count309
\pgfmatrixcurrentcolumn=\count310
\pgf@matrix@numberofcolumns=\count311
)
\tikz@expandcount=\count312

(/usr/local/Cellar/texlive/20220321/share/texmf-dist/tex/generic/pgf/frontendla
yer/tikz/libraries/tikzlibrarytopaths.code.tex
File: tikzlibrarytopaths.code.tex 2021/05/15 v3.1.9a (3.1.9a)
)))
(/usr/local/Cellar/texlive/20220321/share/texmf-dist/tex/latex/pgfplots/pgfplot
s.sty
(/usr/local/Cellar/texlive/20220321/share/texmf-dist/tex/generic/pgfplots/pgfpl
ots.revision.tex)
Package: pgfplots 2021/05/15 v1.18.1 Data Visualization (1.18.1)

(/usr/local/Cellar/texlive/20220321/share/texmf-dist/tex/generic/pgfplots/pgfpl
ots.code.tex
(/usr/local/Cellar/texlive/20220321/share/texmf-dist/tex/generic/pgfplots/pgfpl
otscore.code.tex
\t@pgfplots@toka=\toks45
\t@pgfplots@tokb=\toks46
\t@pgfplots@tokc=\toks47
\pgfplots@tmpa=\dimen278
\c@pgfplots@coordindex=\count313
\c@pgfplots@scanlineindex=\count314

(/usr/local/Cellar/texlive/20220321/share/texmf-dist/tex/generic/pgfplots/sys/p
gfplotssysgeneric.code.tex))
(/usr/local/Cellar/texlive/20220321/share/texmf-dist/tex/generic/pgfplots/libs/
pgfplotslibrary.code.tex)
(/usr/local/Cellar/texlive/20220321/share/texmf-dist/tex/generic/pgfplots/oldpg
fcompatib/pgfplotsoldpgfsupp_loader.code.tex
(/usr/local/Cellar/texlive/20220321/share/texmf-dist/tex/generic/pgf/libraries/
pgflibraryfpu.code.tex))
(/usr/local/Cellar/texlive/20220321/share/texmf-dist/tex/generic/pgfplots/util/
pgfplotsutil.code.tex
(/usr/local/Cellar/texlive/20220321/share/texmf-dist/tex/generic/pgfplots/lists
tructure/pgfplotsliststructure.code.tex)
(/usr/local/Cellar/texlive/20220321/share/texmf-dist/tex/generic/pgfplots/lists
tructure/pgfplotsliststructureext.code.tex)
(/usr/local/Cellar/texlive/20220321/share/texmf-dist/tex/generic/pgfplots/lists
tructure/pgfplotsarray.code.tex
\c@pgfplotsarray@tmp=\count315
)
(/usr/local/Cellar/texlive/20220321/share/texmf-dist/tex/generic/pgfplots/lists
tructure/pgfplotsmatrix.code.tex)
(/usr/local/Cellar/texlive/20220321/share/texmf-dist/tex/generic/pgfplots/numta
ble/pgfplotstableshared.code.tex
\c@pgfplotstable@counta=\count316
\t@pgfplotstable@a=\toks48
)
(/usr/local/Cellar/texlive/20220321/share/texmf-dist/tex/generic/pgfplots/lists
tructure/pgfplotsdeque.code.tex)
(/usr/local/Cellar/texlive/20220321/share/texmf-dist/tex/generic/pgfplots/util/
pgfplotsbinary.code.tex
(/usr/local/Cellar/texlive/20220321/share/texmf-dist/tex/generic/pgfplots/util/
pgfplotsbinary.data.code.tex))
(/usr/local/Cellar/texlive/20220321/share/texmf-dist/tex/generic/pgfplots/util/
pgfplotsutil.verb.code.tex)
(/usr/local/Cellar/texlive/20220321/share/texmf-dist/tex/generic/pgfplots/libs/
pgflibrarypgfplots.surfshading.code.tex
\c@pgfplotslibrarysurf@no=\count317

(/usr/local/Cellar/texlive/20220321/share/texmf-dist/tex/generic/pgfplots/sys/p
gflibrarypgfplots.surfshading.pgfsys-pdftex.def)))
(/usr/local/Cellar/texlive/20220321/share/texmf-dist/tex/generic/pgfplots/util/
pgfplotscolormap.code.tex
(/usr/local/Cellar/texlive/20220321/share/texmf-dist/tex/generic/pgfplots/util/
pgfplotscolor.code.tex))
(/usr/local/Cellar/texlive/20220321/share/texmf-dist/tex/generic/pgfplots/pgfpl
otsstackedplots.code.tex)
(/usr/local/Cellar/texlive/20220321/share/texmf-dist/tex/generic/pgfplots/pgfpl
otsplothandlers.code.tex
(/usr/local/Cellar/texlive/20220321/share/texmf-dist/tex/generic/pgfplots/pgfpl
otsmeshplothandler.code.tex
(/usr/local/Cellar/texlive/20220321/share/texmf-dist/tex/generic/pgfplots/pgfpl
otsmeshplotimage.code.tex)))
(/usr/local/Cellar/texlive/20220321/share/texmf-dist/tex/generic/pgfplots/pgfpl
ots.scaling.code.tex)
(/usr/local/Cellar/texlive/20220321/share/texmf-dist/tex/generic/pgfplots/pgfpl
otscoordprocessing.code.tex)
(/usr/local/Cellar/texlive/20220321/share/texmf-dist/tex/generic/pgfplots/pgfpl
ots.errorbars.code.tex)
(/usr/local/Cellar/texlive/20220321/share/texmf-dist/tex/generic/pgfplots/pgfpl
ots.markers.code.tex)
(/usr/local/Cellar/texlive/20220321/share/texmf-dist/tex/generic/pgfplots/pgfpl
otsticks.code.tex)
(/usr/local/Cellar/texlive/20220321/share/texmf-dist/tex/generic/pgfplots/pgfpl
ots.paths.code.tex)
(/usr/local/Cellar/texlive/20220321/share/texmf-dist/tex/generic/pgf/frontendla
yer/tikz/libraries/tikzlibrarydecorations.code.tex
(/usr/local/Cellar/texlive/20220321/share/texmf-dist/tex/generic/pgf/modules/pg
fmoduledecorations.code.tex
\pgfdecoratedcompleteddistance=\dimen279
\pgfdecoratedremainingdistance=\dimen280
\pgfdecoratedinputsegmentcompleteddistance=\dimen281
\pgfdecoratedinputsegmentremainingdistance=\dimen282
\pgf@decorate@distancetomove=\dimen283
\pgf@decorate@repeatstate=\count318
\pgfdecorationsegmentamplitude=\dimen284
\pgfdecorationsegmentlength=\dimen285
)
\tikz@lib@dec@box=\box75
)
(/usr/local/Cellar/texlive/20220321/share/texmf-dist/tex/generic/pgf/frontendla
yer/tikz/libraries/tikzlibrarydecorations.pathmorphing.code.tex
(/usr/local/Cellar/texlive/20220321/share/texmf-dist/tex/generic/pgf/libraries/
decorations/pgflibrarydecorations.pathmorphing.code.tex))
(/usr/local/Cellar/texlive/20220321/share/texmf-dist/tex/generic/pgf/frontendla
yer/tikz/libraries/tikzlibrarydecorations.pathreplacing.code.tex
(/usr/local/Cellar/texlive/20220321/share/texmf-dist/tex/generic/pgf/libraries/
decorations/pgflibrarydecorations.pathreplacing.code.tex))
(/usr/local/Cellar/texlive/20220321/share/texmf-dist/tex/generic/pgfplots/libs/
tikzlibrarypgfplots.contourlua.code.tex)
\pgfplots@numplots=\count319
\pgfplots@xmin@reg=\dimen286
\pgfplots@xmax@reg=\dimen287
\pgfplots@ymin@reg=\dimen288
\pgfplots@ymax@reg=\dimen289
\pgfplots@zmin@reg=\dimen290
\pgfplots@zmax@reg=\dimen291
)
(/usr/local/Cellar/texlive/20220321/share/texmf-dist/tex/generic/pgf/frontendla
yer/tikz/libraries/tikzlibraryplotmarks.code.tex
File: tikzlibraryplotmarks.code.tex 2021/05/15 v3.1.9a (3.1.9a)

(/usr/local/Cellar/texlive/20220321/share/texmf-dist/tex/generic/pgf/libraries/
pgflibraryplotmarks.code.tex
File: pgflibraryplotmarks.code.tex 2021/05/15 v3.1.9a (3.1.9a)
)))
(/usr/local/Cellar/texlive/20220321/share/texmf-dist/tex/generic/pgf/frontendla
yer/tikz/libraries/tikzlibrarymatrix.code.tex
File: tikzlibrarymatrix.code.tex 2021/05/15 v3.1.9a (3.1.9a)
)
(/usr/local/Cellar/texlive/20220321/share/texmf-dist/tex/generic/pgf/frontendla
yer/tikz/libraries/tikzlibrarybackgrounds.code.tex
File: tikzlibrarybackgrounds.code.tex 2021/05/15 v3.1.9a (3.1.9a)
\pgf@layerbox@background=\box76
\pgf@layerboxsaved@background=\box77
)
\pgf@layerbox@myback=\box78
\pgf@layerboxsaved@myback=\box79
\c@theorem=\count320
\c@corollary=\count321
\c@definition=\count322

(/usr/local/Cellar/texlive/20220321/share/texmf-dist/tex/latex/geometry/geometr
y.sty
Package: geometry 2020/01/02 v5.9 Page Geometry

(/usr/local/Cellar/texlive/20220321/share/texmf-dist/tex/generic/iftex/ifvtex.s
ty
Package: ifvtex 2019/10/25 v1.7 ifvtex legacy package. Use iftex instead.

(/usr/local/Cellar/texlive/20220321/share/texmf-dist/tex/generic/iftex/iftex.st
y
Package: iftex 2022/02/03 v1.0f TeX engine tests
))
\Gm@cnth=\count323
\Gm@cntv=\count324
\c@Gm@tempcnt=\count325
\Gm@bindingoffset=\dimen292
\Gm@wd@mp=\dimen293
\Gm@odd@mp=\dimen294
\Gm@even@mp=\dimen295
\Gm@layoutwidth=\dimen296
\Gm@layoutheight=\dimen297
\Gm@layouthoffset=\dimen298
\Gm@layoutvoffset=\dimen299
\Gm@dimlist=\toks49
) (./CS-498_report.aux)
\openout1 = `CS-498_report.aux'.

LaTeX Font Info:    Checking defaults for OML/cmm/m/it on input line 117.
LaTeX Font Info:    ... okay on input line 117.
LaTeX Font Info:    Checking defaults for OMS/cmsy/m/n on input line 117.
LaTeX Font Info:    ... okay on input line 117.
LaTeX Font Info:    Checking defaults for OT1/cmr/m/n on input line 117.
LaTeX Font Info:    ... okay on input line 117.
LaTeX Font Info:    Checking defaults for T1/cmr/m/n on input line 117.
LaTeX Font Info:    ... okay on input line 117.
LaTeX Font Info:    Checking defaults for TS1/cmr/m/n on input line 117.
LaTeX Font Info:    ... okay on input line 117.
LaTeX Font Info:    Checking defaults for OMX/cmex/m/n on input line 117.
LaTeX Font Info:    ... okay on input line 117.
LaTeX Font Info:    Checking defaults for U/cmr/m/n on input line 117.
LaTeX Font Info:    ... okay on input line 117.

(/usr/local/Cellar/texlive/20220321/share/texmf-dist/tex/context/base/mkii/supp
-pdf.mkii
[Loading MPS to PDF converter (version 2006.09.02).]
\scratchcounter=\count326
\scratchdimen=\dimen300
\scratchbox=\box80
\nofMPsegments=\count327
\nofMParguments=\count328
\everyMPshowfont=\toks50
\MPscratchCnt=\count329
\MPscratchDim=\dimen301
\MPnumerator=\count330
\makeMPintoPDFobject=\count331
\everyMPtoPDFconversion=\toks51
)
(/usr/local/Cellar/texlive/20220321/share/texmf-dist/tex/latex/epstopdf-pkg/eps
topdf-base.sty
Package: epstopdf-base 2020-01-24 v2.11 Base part for package epstopdf
Package epstopdf-base Info: Redefining graphics rule for `.eps' on input line 4
85.

(/usr/local/Cellar/texlive/20220321/share/texmf-dist/tex/latex/latexconfig/epst
opdf-sys.cfg
File: epstopdf-sys.cfg 2010/07/13 v1.3 Configuration of (r)epstopdf for TeX Liv
e
))

Package pgfplots Warning: running in backwards compatibility mode (unsuitable t
ick labels; missing features). Consider writing \pgfplotsset{compat=1.18} into 
your preamble.
 on input line 117.

*geometry* driver: auto-detecting
*geometry* detected driver: pdftex
*geometry* verbose mode - [ preamble ] result:
* driver: pdftex
* paper: <default>
* layout: <same size as paper>
* layoutoffset:(h,v)=(0.0pt,0.0pt)
* modes: 
* h-part:(L,W,R)=(108.405pt, 397.485pt, 108.405pt)
* v-part:(T,H,B)=(108.405pt, 578.15999pt, 108.405pt)
* \paperwidth=614.295pt
* \paperheight=794.96999pt
* \textwidth=397.485pt
* \textheight=578.15999pt
* \oddsidemargin=36.13501pt
* \evensidemargin=36.13501pt
* \topmargin=-0.86499pt
* \headheight=12.0pt
* \headsep=25.0pt
* \topskip=10.0pt
* \footskip=30.0pt
* \marginparwidth=65.0pt
* \marginparsep=11.0pt
* \columnsep=10.0pt
* \skip\footins=9.0pt plus 4.0pt minus 2.0pt
* \hoffset=0.0pt
* \voffset=0.0pt
* \mag=1000
* \@twocolumnfalse
* \@twosidefalse
* \@mparswitchfalse
* \@reversemarginfalse
* (1in=72.27pt=25.4mm, 1cm=28.453pt)

LaTeX Font Info:    Trying to load font information for U+msa on input line 118
.

(/usr/local/Cellar/texlive/20220321/share/texmf-dist/tex/latex/amsfonts/umsa.fd
File: umsa.fd 2013/01/14 v3.01 AMS symbols A
)
LaTeX Font Info:    Trying to load font information for U+msb on input line 118
.

(/usr/local/Cellar/texlive/20220321/share/texmf-dist/tex/latex/amsfonts/umsb.fd
File: umsb.fd 2013/01/14 v3.01 AMS symbols B
)
Overfull \hbox (0.50365pt too wide) in paragraph at lines 134--135
[]\OT1/cmr/bx/n/10 Definition 1. []\OT1/cmr/m/it/10 Given an in-te-ger $\OML/cm
m/m/it/10 m > \OT1/cmr/m/n/10 0$\OT1/cmr/m/it/10 , we de-fine the com-plete ma-
trix $\OT1/cmr/bx/n/10 A[] \OMS/cmsy/m/n/10 2 f\OT1/cmr/m/n/10 0\OML/cmm/m/it/1
0 ; \OT1/cmr/m/n/10 1\OMS/cmsy/m/n/10 g[]$
 []


Overfull \hbox (0.73228pt too wide) in paragraph at lines 144--144
 [][]$\OT1/cmr/m/n/10 0$ 
 []


Overfull \hbox (0.73228pt too wide) in paragraph at lines 144--144
 [][]$\OT1/cmr/m/n/10 0$ 
 []


Overfull \hbox (0.73228pt too wide) in paragraph at lines 144--144
 [][]$\OT1/cmr/m/n/10 0$ 
 []


Overfull \hbox (0.73228pt too wide) in paragraph at lines 144--144
 [][]$\OT1/cmr/m/n/10 0$ 
 []


Overfull \hbox (0.73228pt too wide) in paragraph at lines 144--144
 [][]$\OT1/cmr/m/n/10 0$ 
 []


Overfull \hbox (0.73228pt too wide) in paragraph at lines 144--144
 [][]$\OT1/cmr/m/n/10 0$ 
 []


Overfull \hbox (0.73228pt too wide) in paragraph at lines 144--144
 [][]$\OT1/cmr/m/n/10 0$ 
 []


Overfull \hbox (0.73228pt too wide) in paragraph at lines 144--144
 [][]$\OT1/cmr/m/n/10 0$ 
 []


Overfull \hbox (0.73228pt too wide) in paragraph at lines 144--144
 [][]$\OT1/cmr/m/n/10 0$ 
 []


Overfull \hbox (0.73228pt too wide) in paragraph at lines 144--144
 [][]$\OT1/cmr/m/n/10 0$ 
 []


Overfull \hbox (0.73228pt too wide) in paragraph at lines 144--144
 [][]$\OT1/cmr/m/n/10 0$ 
 []


Overfull \hbox (0.73228pt too wide) in paragraph at lines 144--144
 [][]$\OT1/cmr/m/n/10 0$ 
 []


Overfull \hbox (0.73228pt too wide) in paragraph at lines 144--144
 [][]$\OT1/cmr/m/n/10 0$ 
 []


Overfull \hbox (0.73228pt too wide) in paragraph at lines 144--144
 [][]$\OT1/cmr/m/n/10 0$ 
 []


Overfull \hbox (0.73228pt too wide) in paragraph at lines 144--144
 [][]$\OT1/cmr/m/n/10 0$ 
 []


Overfull \hbox (0.73228pt too wide) in paragraph at lines 144--144
 [][]$\OT1/cmr/m/n/10 0$ 
 []


Overfull \hbox (0.73228pt too wide) in paragraph at lines 144--144
 [][]$\OT1/cmr/m/n/10 1$ 
 []


Overfull \hbox (0.73228pt too wide) in paragraph at lines 144--144
 [][]$\OT1/cmr/m/n/10 1$ 
 []


Overfull \hbox (0.73228pt too wide) in paragraph at lines 144--144
 [][]$\OT1/cmr/m/n/10 1$ 
 []


Overfull \hbox (0.73228pt too wide) in paragraph at lines 144--144
 [][]$\OT1/cmr/m/n/10 1$ 
 []


Overfull \hbox (0.73228pt too wide) in paragraph at lines 144--144
 [][]$\OT1/cmr/m/n/10 1$ 
 []


Overfull \hbox (0.73228pt too wide) in paragraph at lines 144--144
 [][]$\OT1/cmr/m/n/10 1$ 
 []


Overfull \hbox (0.73228pt too wide) in paragraph at lines 144--144
 [][]$\OT1/cmr/m/n/10 1$ 
 []


Overfull \hbox (0.73228pt too wide) in paragraph at lines 144--144
 [][]$\OT1/cmr/m/n/10 1$ 
 []


Overfull \hbox (0.73228pt too wide) in paragraph at lines 144--144
 [][]$\OT1/cmr/m/n/10 1$ 
 []


Overfull \hbox (0.73228pt too wide) in paragraph at lines 144--144
 [][]$\OT1/cmr/m/n/10 1$ 
 []


Overfull \hbox (0.73228pt too wide) in paragraph at lines 144--144
 [][]$\OT1/cmr/m/n/10 1$ 
 []


Overfull \hbox (0.73228pt too wide) in paragraph at lines 144--144
 [][]$\OT1/cmr/m/n/10 1$ 
 []


Overfull \hbox (0.73228pt too wide) in paragraph at lines 144--144
 [][]$\OT1/cmr/m/n/10 1$ 
 []


Overfull \hbox (0.73228pt too wide) in paragraph at lines 144--144
 [][]$\OT1/cmr/m/n/10 1$ 
 []


Overfull \hbox (0.73228pt too wide) in paragraph at lines 144--144
 [][]$\OT1/cmr/m/n/10 1$ 
 []


Overfull \hbox (0.73228pt too wide) in paragraph at lines 144--144
 [][]$\OT1/cmr/m/n/10 1$ 
 []


Overfull \hbox (0.73228pt too wide) in paragraph at lines 145--145
 [][]$\OT1/cmr/m/n/10 0$ 
 []


Overfull \hbox (0.73228pt too wide) in paragraph at lines 145--145
 [][]$\OT1/cmr/m/n/10 0$ 
 []


Overfull \hbox (0.73228pt too wide) in paragraph at lines 145--145
 [][]$\OT1/cmr/m/n/10 0$ 
 []


Overfull \hbox (0.73228pt too wide) in paragraph at lines 145--145
 [][]$\OT1/cmr/m/n/10 0$ 
 []


Overfull \hbox (0.73228pt too wide) in paragraph at lines 145--145
 [][]$\OT1/cmr/m/n/10 0$ 
 []


Overfull \hbox (0.73228pt too wide) in paragraph at lines 145--145
 [][]$\OT1/cmr/m/n/10 0$ 
 []


Overfull \hbox (0.73228pt too wide) in paragraph at lines 145--145
 [][]$\OT1/cmr/m/n/10 0$ 
 []


Overfull \hbox (0.73228pt too wide) in paragraph at lines 145--145
 [][]$\OT1/cmr/m/n/10 0$ 
 []


Overfull \hbox (0.73228pt too wide) in paragraph at lines 145--145
 [][]$\OT1/cmr/m/n/10 1$ 
 []


Overfull \hbox (0.73228pt too wide) in paragraph at lines 145--145
 [][]$\OT1/cmr/m/n/10 1$ 
 []


Overfull \hbox (0.73228pt too wide) in paragraph at lines 145--145
 [][]$\OT1/cmr/m/n/10 1$ 
 []


Overfull \hbox (0.73228pt too wide) in paragraph at lines 145--145
 [][]$\OT1/cmr/m/n/10 1$ 
 []


Overfull \hbox (0.73228pt too wide) in paragraph at lines 145--145
 [][]$\OT1/cmr/m/n/10 1$ 
 []


Overfull \hbox (0.73228pt too wide) in paragraph at lines 145--145
 [][]$\OT1/cmr/m/n/10 1$ 
 []


Overfull \hbox (0.73228pt too wide) in paragraph at lines 145--145
 [][]$\OT1/cmr/m/n/10 1$ 
 []


Overfull \hbox (0.73228pt too wide) in paragraph at lines 145--145
 [][]$\OT1/cmr/m/n/10 1$ 
 []


Overfull \hbox (0.73228pt too wide) in paragraph at lines 145--145
 [][]$\OT1/cmr/m/n/10 0$ 
 []


Overfull \hbox (0.73228pt too wide) in paragraph at lines 145--145
 [][]$\OT1/cmr/m/n/10 0$ 
 []


Overfull \hbox (0.73228pt too wide) in paragraph at lines 145--145
 [][]$\OT1/cmr/m/n/10 0$ 
 []


Overfull \hbox (0.73228pt too wide) in paragraph at lines 145--145
 [][]$\OT1/cmr/m/n/10 0$ 
 []


Overfull \hbox (0.73228pt too wide) in paragraph at lines 145--145
 [][]$\OT1/cmr/m/n/10 0$ 
 []


Overfull \hbox (0.73228pt too wide) in paragraph at lines 145--145
 [][]$\OT1/cmr/m/n/10 0$ 
 []


Overfull \hbox (0.73228pt too wide) in paragraph at lines 145--145
 [][]$\OT1/cmr/m/n/10 0$ 
 []


Overfull \hbox (0.73228pt too wide) in paragraph at lines 145--145
 [][]$\OT1/cmr/m/n/10 0$ 
 []


Overfull \hbox (0.73228pt too wide) in paragraph at lines 145--145
 [][]$\OT1/cmr/m/n/10 1$ 
 []


Overfull \hbox (0.73228pt too wide) in paragraph at lines 145--145
 [][]$\OT1/cmr/m/n/10 1$ 
 []


Overfull \hbox (0.73228pt too wide) in paragraph at lines 145--145
 [][]$\OT1/cmr/m/n/10 1$ 
 []


Overfull \hbox (0.73228pt too wide) in paragraph at lines 145--145
 [][]$\OT1/cmr/m/n/10 1$ 
 []


Overfull \hbox (0.73228pt too wide) in paragraph at lines 145--145
 [][]$\OT1/cmr/m/n/10 1$ 
 []


Overfull \hbox (0.73228pt too wide) in paragraph at lines 145--145
 [][]$\OT1/cmr/m/n/10 1$ 
 []


Overfull \hbox (0.73228pt too wide) in paragraph at lines 145--145
 [][]$\OT1/cmr/m/n/10 1$ 
 []


Overfull \hbox (0.73228pt too wide) in paragraph at lines 145--145
 [][]$\OT1/cmr/m/n/10 1$ 
 []


Overfull \hbox (0.73228pt too wide) in paragraph at lines 146--146
 [][]$\OT1/cmr/m/n/10 0$ 
 []


Overfull \hbox (0.73228pt too wide) in paragraph at lines 146--146
 [][]$\OT1/cmr/m/n/10 0$ 
 []


Overfull \hbox (0.73228pt too wide) in paragraph at lines 146--146
 [][]$\OT1/cmr/m/n/10 0$ 
 []


Overfull \hbox (0.73228pt too wide) in paragraph at lines 146--146
 [][]$\OT1/cmr/m/n/10 0$ 
 []


Overfull \hbox (0.73228pt too wide) in paragraph at lines 146--146
 [][]$\OT1/cmr/m/n/10 1$ 
 []


Overfull \hbox (0.73228pt too wide) in paragraph at lines 146--146
 [][]$\OT1/cmr/m/n/10 1$ 
 []


Overfull \hbox (0.73228pt too wide) in paragraph at lines 146--146
 [][]$\OT1/cmr/m/n/10 1$ 
 []


Overfull \hbox (0.73228pt too wide) in paragraph at lines 146--146
 [][]$\OT1/cmr/m/n/10 1$ 
 []


Overfull \hbox (0.73228pt too wide) in paragraph at lines 146--146
 [][]$\OT1/cmr/m/n/10 0$ 
 []


Overfull \hbox (0.73228pt too wide) in paragraph at lines 146--146
 [][]$\OT1/cmr/m/n/10 0$ 
 []


Overfull \hbox (0.73228pt too wide) in paragraph at lines 146--146
 [][]$\OT1/cmr/m/n/10 0$ 
 []


Overfull \hbox (0.73228pt too wide) in paragraph at lines 146--146
 [][]$\OT1/cmr/m/n/10 0$ 
 []


Overfull \hbox (0.73228pt too wide) in paragraph at lines 146--146
 [][]$\OT1/cmr/m/n/10 1$ 
 []


Overfull \hbox (0.73228pt too wide) in paragraph at lines 146--146
 [][]$\OT1/cmr/m/n/10 1$ 
 []


Overfull \hbox (0.73228pt too wide) in paragraph at lines 146--146
 [][]$\OT1/cmr/m/n/10 1$ 
 []


Overfull \hbox (0.73228pt too wide) in paragraph at lines 146--146
 [][]$\OT1/cmr/m/n/10 1$ 
 []


Overfull \hbox (0.73228pt too wide) in paragraph at lines 146--146
 [][]$\OT1/cmr/m/n/10 0$ 
 []


Overfull \hbox (0.73228pt too wide) in paragraph at lines 146--146
 [][]$\OT1/cmr/m/n/10 0$ 
 []


Overfull \hbox (0.73228pt too wide) in paragraph at lines 146--146
 [][]$\OT1/cmr/m/n/10 0$ 
 []


Overfull \hbox (0.73228pt too wide) in paragraph at lines 146--146
 [][]$\OT1/cmr/m/n/10 0$ 
 []


Overfull \hbox (0.73228pt too wide) in paragraph at lines 146--146
 [][]$\OT1/cmr/m/n/10 1$ 
 []


Overfull \hbox (0.73228pt too wide) in paragraph at lines 146--146
 [][]$\OT1/cmr/m/n/10 1$ 
 []


Overfull \hbox (0.73228pt too wide) in paragraph at lines 146--146
 [][]$\OT1/cmr/m/n/10 1$ 
 []


Overfull \hbox (0.73228pt too wide) in paragraph at lines 146--146
 [][]$\OT1/cmr/m/n/10 1$ 
 []


Overfull \hbox (0.73228pt too wide) in paragraph at lines 146--146
 [][]$\OT1/cmr/m/n/10 0$ 
 []


Overfull \hbox (0.73228pt too wide) in paragraph at lines 146--146
 [][]$\OT1/cmr/m/n/10 0$ 
 []


Overfull \hbox (0.73228pt too wide) in paragraph at lines 146--146
 [][]$\OT1/cmr/m/n/10 0$ 
 []


Overfull \hbox (0.73228pt too wide) in paragraph at lines 146--146
 [][]$\OT1/cmr/m/n/10 0$ 
 []


Overfull \hbox (0.73228pt too wide) in paragraph at lines 146--146
 [][]$\OT1/cmr/m/n/10 1$ 
 []


Overfull \hbox (0.73228pt too wide) in paragraph at lines 146--146
 [][]$\OT1/cmr/m/n/10 1$ 
 []


Overfull \hbox (0.73228pt too wide) in paragraph at lines 146--146
 [][]$\OT1/cmr/m/n/10 1$ 
 []


Overfull \hbox (0.73228pt too wide) in paragraph at lines 146--146
 [][]$\OT1/cmr/m/n/10 1$ 
 []


Overfull \hbox (0.73228pt too wide) in paragraph at lines 147--147
 [][]$\OT1/cmr/m/n/10 0$ 
 []


Overfull \hbox (0.73228pt too wide) in paragraph at lines 147--147
 [][]$\OT1/cmr/m/n/10 0$ 
 []


Overfull \hbox (0.73228pt too wide) in paragraph at lines 147--147
 [][]$\OT1/cmr/m/n/10 1$ 
 []


Overfull \hbox (0.73228pt too wide) in paragraph at lines 147--147
 [][]$\OT1/cmr/m/n/10 1$ 
 []


Overfull \hbox (0.73228pt too wide) in paragraph at lines 147--147
 [][]$\OT1/cmr/m/n/10 0$ 
 []


Overfull \hbox (0.73228pt too wide) in paragraph at lines 147--147
 [][]$\OT1/cmr/m/n/10 0$ 
 []


Overfull \hbox (0.73228pt too wide) in paragraph at lines 147--147
 [][]$\OT1/cmr/m/n/10 1$ 
 []


Overfull \hbox (0.73228pt too wide) in paragraph at lines 147--147
 [][]$\OT1/cmr/m/n/10 1$ 
 []


Overfull \hbox (0.73228pt too wide) in paragraph at lines 147--147
 [][]$\OT1/cmr/m/n/10 0$ 
 []


Overfull \hbox (0.73228pt too wide) in paragraph at lines 147--147
 [][]$\OT1/cmr/m/n/10 0$ 
 []


Overfull \hbox (0.73228pt too wide) in paragraph at lines 147--147
 [][]$\OT1/cmr/m/n/10 1$ 
 []


Overfull \hbox (0.73228pt too wide) in paragraph at lines 147--147
 [][]$\OT1/cmr/m/n/10 1$ 
 []


Overfull \hbox (0.73228pt too wide) in paragraph at lines 147--147
 [][]$\OT1/cmr/m/n/10 0$ 
 []


Overfull \hbox (0.73228pt too wide) in paragraph at lines 147--147
 [][]$\OT1/cmr/m/n/10 0$ 
 []


Overfull \hbox (0.73228pt too wide) in paragraph at lines 147--147
 [][]$\OT1/cmr/m/n/10 1$ 
 []


Overfull \hbox (0.73228pt too wide) in paragraph at lines 147--147
 [][]$\OT1/cmr/m/n/10 1$ 
 []


Overfull \hbox (0.73228pt too wide) in paragraph at lines 147--147
 [][]$\OT1/cmr/m/n/10 0$ 
 []


Overfull \hbox (0.73228pt too wide) in paragraph at lines 147--147
 [][]$\OT1/cmr/m/n/10 0$ 
 []


Overfull \hbox (0.73228pt too wide) in paragraph at lines 147--147
 [][]$\OT1/cmr/m/n/10 1$ 
 []


Overfull \hbox (0.73228pt too wide) in paragraph at lines 147--147
 [][]$\OT1/cmr/m/n/10 1$ 
 []


Overfull \hbox (0.73228pt too wide) in paragraph at lines 147--147
 [][]$\OT1/cmr/m/n/10 0$ 
 []


Overfull \hbox (0.73228pt too wide) in paragraph at lines 147--147
 [][]$\OT1/cmr/m/n/10 0$ 
 []


Overfull \hbox (0.73228pt too wide) in paragraph at lines 147--147
 [][]$\OT1/cmr/m/n/10 1$ 
 []


Overfull \hbox (0.73228pt too wide) in paragraph at lines 147--147
 [][]$\OT1/cmr/m/n/10 1$ 
 []


Overfull \hbox (0.73228pt too wide) in paragraph at lines 147--147
 [][]$\OT1/cmr/m/n/10 0$ 
 []


Overfull \hbox (0.73228pt too wide) in paragraph at lines 147--147
 [][]$\OT1/cmr/m/n/10 0$ 
 []


Overfull \hbox (0.73228pt too wide) in paragraph at lines 147--147
 [][]$\OT1/cmr/m/n/10 1$ 
 []


Overfull \hbox (0.73228pt too wide) in paragraph at lines 147--147
 [][]$\OT1/cmr/m/n/10 1$ 
 []


Overfull \hbox (0.73228pt too wide) in paragraph at lines 147--147
 [][]$\OT1/cmr/m/n/10 0$ 
 []


Overfull \hbox (0.73228pt too wide) in paragraph at lines 147--147
 [][]$\OT1/cmr/m/n/10 0$ 
 []


Overfull \hbox (0.73228pt too wide) in paragraph at lines 147--147
 [][]$\OT1/cmr/m/n/10 1$ 
 []


Overfull \hbox (0.73228pt too wide) in paragraph at lines 147--147
 [][]$\OT1/cmr/m/n/10 1$ 
 []


Overfull \hbox (0.73228pt too wide) in paragraph at lines 148--148
 [][]$\OT1/cmr/m/n/10 0$ 
 []


Overfull \hbox (0.73228pt too wide) in paragraph at lines 148--148
 [][]$\OT1/cmr/m/n/10 1$ 
 []


Overfull \hbox (0.73228pt too wide) in paragraph at lines 148--148
 [][]$\OT1/cmr/m/n/10 0$ 
 []


Overfull \hbox (0.73228pt too wide) in paragraph at lines 148--148
 [][]$\OT1/cmr/m/n/10 1$ 
 []


Overfull \hbox (0.73228pt too wide) in paragraph at lines 148--148
 [][]$\OT1/cmr/m/n/10 0$ 
 []


Overfull \hbox (0.73228pt too wide) in paragraph at lines 148--148
 [][]$\OT1/cmr/m/n/10 1$ 
 []


Overfull \hbox (0.73228pt too wide) in paragraph at lines 148--148
 [][]$\OT1/cmr/m/n/10 0$ 
 []


Overfull \hbox (0.73228pt too wide) in paragraph at lines 148--148
 [][]$\OT1/cmr/m/n/10 1$ 
 []


Overfull \hbox (0.73228pt too wide) in paragraph at lines 148--148
 [][]$\OT1/cmr/m/n/10 0$ 
 []


Overfull \hbox (0.73228pt too wide) in paragraph at lines 148--148
 [][]$\OT1/cmr/m/n/10 1$ 
 []


Overfull \hbox (0.73228pt too wide) in paragraph at lines 148--148
 [][]$\OT1/cmr/m/n/10 0$ 
 []


Overfull \hbox (0.73228pt too wide) in paragraph at lines 148--148
 [][]$\OT1/cmr/m/n/10 1$ 
 []


Overfull \hbox (0.73228pt too wide) in paragraph at lines 148--148
 [][]$\OT1/cmr/m/n/10 0$ 
 []


Overfull \hbox (0.73228pt too wide) in paragraph at lines 148--148
 [][]$\OT1/cmr/m/n/10 1$ 
 []


Overfull \hbox (0.73228pt too wide) in paragraph at lines 148--148
 [][]$\OT1/cmr/m/n/10 0$ 
 []


Overfull \hbox (0.73228pt too wide) in paragraph at lines 148--148
 [][]$\OT1/cmr/m/n/10 1$ 
 []


Overfull \hbox (0.73228pt too wide) in paragraph at lines 148--148
 [][]$\OT1/cmr/m/n/10 0$ 
 []


Overfull \hbox (0.73228pt too wide) in paragraph at lines 148--148
 [][]$\OT1/cmr/m/n/10 1$ 
 []


Overfull \hbox (0.73228pt too wide) in paragraph at lines 148--148
 [][]$\OT1/cmr/m/n/10 0$ 
 []


Overfull \hbox (0.73228pt too wide) in paragraph at lines 148--148
 [][]$\OT1/cmr/m/n/10 1$ 
 []


Overfull \hbox (0.73228pt too wide) in paragraph at lines 148--148
 [][]$\OT1/cmr/m/n/10 0$ 
 []


Overfull \hbox (0.73228pt too wide) in paragraph at lines 148--148
 [][]$\OT1/cmr/m/n/10 1$ 
 []


Overfull \hbox (0.73228pt too wide) in paragraph at lines 148--148
 [][]$\OT1/cmr/m/n/10 0$ 
 []


Overfull \hbox (0.73228pt too wide) in paragraph at lines 148--148
 [][]$\OT1/cmr/m/n/10 1$ 
 []


Overfull \hbox (0.73228pt too wide) in paragraph at lines 148--148
 [][]$\OT1/cmr/m/n/10 0$ 
 []


Overfull \hbox (0.73228pt too wide) in paragraph at lines 148--148
 [][]$\OT1/cmr/m/n/10 1$ 
 []


Overfull \hbox (0.73228pt too wide) in paragraph at lines 148--148
 [][]$\OT1/cmr/m/n/10 0$ 
 []


Overfull \hbox (0.73228pt too wide) in paragraph at lines 148--148
 [][]$\OT1/cmr/m/n/10 1$ 
 []


Overfull \hbox (0.73228pt too wide) in paragraph at lines 148--148
 [][]$\OT1/cmr/m/n/10 0$ 
 []


Overfull \hbox (0.73228pt too wide) in paragraph at lines 148--148
 [][]$\OT1/cmr/m/n/10 1$ 
 []


Overfull \hbox (0.73228pt too wide) in paragraph at lines 148--148
 [][]$\OT1/cmr/m/n/10 0$ 
 []


Overfull \hbox (0.73228pt too wide) in paragraph at lines 148--148
 [][]$\OT1/cmr/m/n/10 1$ 
 []

[1

{/usr/local/Cellar/texlive/20220321/share/texmf-dist/fonts/map/pdftex/updmap/pd
ftex.map}] [2] [3] [4] [5] [6] [7] [8] [9] (./CS-498_report.bbl) [10]
Overfull \hbox (18.3301pt too wide) in paragraph at lines 611--656
[][] 
 []

[11] [12] (./CS-498_report.aux) ) 
Here is how much of TeX's memory you used:
 29053 strings out of 478268
 721703 string characters out of 5837861
 1203532 words of memory out of 5000000
 46807 multiletter control sequences out of 15000+600000
 484780 words of font info for 85 fonts, out of 8000000 for 9000
 1141 hyphenation exceptions out of 8191
 100i,16n,104p,764b,2210s stack positions out of 10000i,1000n,20000p,200000b,200000s
</usr/local/Cellar/texlive/20220321/share/texm
f-dist/fonts/type1/public/amsfonts/cm/cmbx10.pfb></usr/local/Cellar/texlive/202
20321/share/texmf-dist/fonts/type1/public/amsfonts/cm/cmbx12.pfb></usr/local/Ce
llar/texlive/20220321/share/texmf-dist/fonts/type1/public/amsfonts/cm/cmbx7.pfb
></usr/local/Cellar/texlive/20220321/share/texmf-dist/fonts/type1/public/amsfon
ts/cm/cmbx9.pfb></usr/local/Cellar/texlive/20220321/share/texmf-dist/fonts/type
1/public/amsfonts/cm/cmcsc10.pfb></usr/local/Cellar/texlive/20220321/share/texm
f-dist/fonts/type1/public/amsfonts/cm/cmex10.pfb></usr/local/Cellar/texlive/202
20321/share/texmf-dist/fonts/type1/public/amsfonts/cm/cmmi10.pfb></usr/local/Ce
llar/texlive/20220321/share/texmf-dist/fonts/type1/public/amsfonts/cm/cmmi12.pf
b></usr/local/Cellar/texlive/20220321/share/texmf-dist/fonts/type1/public/amsfo
nts/cm/cmmi5.pfb></usr/local/Cellar/texlive/20220321/share/texmf-dist/fonts/typ
e1/public/amsfonts/cm/cmmi6.pfb></usr/local/Cellar/texlive/20220321/share/texmf
-dist/fonts/type1/public/amsfonts/cm/cmmi7.pfb></usr/local/Cellar/texlive/20220
321/share/texmf-dist/fonts/type1/public/amsfonts/cm/cmmi8.pfb></usr/local/Cella
r/texlive/20220321/share/texmf-dist/fonts/type1/public/amsfonts/cm/cmmi9.pfb></
usr/local/Cellar/texlive/20220321/share/texmf-dist/fonts/type1/public/amsfonts/
cm/cmr10.pfb></usr/local/Cellar/texlive/20220321/share/texmf-dist/fonts/type1/p
ublic/amsfonts/cm/cmr5.pfb></usr/local/Cellar/texlive/20220321/share/texmf-dist
/fonts/type1/public/amsfonts/cm/cmr6.pfb></usr/local/Cellar/texlive/20220321/sh
are/texmf-dist/fonts/type1/public/amsfonts/cm/cmr7.pfb></usr/local/Cellar/texli
ve/20220321/share/texmf-dist/fonts/type1/public/amsfonts/cm/cmr8.pfb></usr/loca
l/Cellar/texlive/20220321/share/texmf-dist/fonts/type1/public/amsfonts/cm/cmr9.
pfb></usr/local/Cellar/texlive/20220321/share/texmf-dist/fonts/type1/public/ams
fonts/cm/cmss10.pfb></usr/local/Cellar/texlive/20220321/share/texmf-dist/fonts/
type1/public/amsfonts/cm/cmsy10.pfb></usr/local/Cellar/texlive/20220321/share/t
exmf-dist/fonts/type1/public/amsfonts/cm/cmsy5.pfb></usr/local/Cellar/texlive/2
0220321/share/texmf-dist/fonts/type1/public/amsfonts/cm/cmsy6.pfb></usr/local/C
ellar/texlive/20220321/share/texmf-dist/fonts/type1/public/amsfonts/cm/cmsy7.pf
b></usr/local/Cellar/texlive/20220321/share/texmf-dist/fonts/type1/public/amsfo
nts/cm/cmsy8.pfb></usr/local/Cellar/texlive/20220321/share/texmf-dist/fonts/typ
e1/public/amsfonts/cm/cmsy9.pfb></usr/local/Cellar/texlive/20220321/share/texmf
-dist/fonts/type1/public/amsfonts/cm/cmti10.pfb></usr/local/Cellar/texlive/2022
0321/share/texmf-dist/fonts/type1/public/amsfonts/cm/cmti7.pfb></usr/local/Cell
ar/texlive/20220321/share/texmf-dist/fonts/type1/public/amsfonts/cm/cmtt10.pfb>
</usr/local/Cellar/texlive/20220321/share/texmf-dist/fonts/type1/public/amsfont
s/cm/cmtt8.pfb></usr/local/Cellar/texlive/20220321/share/texmf-dist/fonts/type1
/public/amsfonts/symbols/msbm10.pfb>
Output written on CS-498_report.pdf (12 pages, 374965 bytes).
PDF statistics:
 202 PDF objects out of 1000 (max. 8388607)
 124 compressed objects within 2 object streams
 0 named destinations out of 1000 (max. 500000)
 13 words of extra memory for PDF output out of 10000 (max. 10000000)

